WARNING: res://scenes/main.tscn:38 - ext_resource, invalid UID: uid://cn03wgo1btbwo - using text path instead: res://scenes/comp_codegen_new.gd
   at: load (scene/resources/resource_format_text.cpp:501)
SCRIPT ERROR: Parse Error: Cannot find member "InflatedGraph" in base "InflatedGraph".
   at: GDScript::reload (res://scenes/template_parser.gd:28)
SCRIPT ERROR: Parse Error: Cannot find member "ABIManifest" in base "ABIManifest".
   at: GDScript::reload (res://scenes/abi_scanner.gd:58)
SCRIPT ERROR: Parse Error: Cannot find member "ABIManifest" in base "ABIManifest".
   at: GDScript::reload (res://scenes/abi_scanner.gd:122)
SCRIPT ERROR: Parse Error: Cannot find member "ABIManifest" in base "ABIManifest".
   at: GDScript::reload (res://scenes/abi_scanner.gd:230)
SCRIPT ERROR: Parse Error: Cannot find member "ABIManifest" in base "ABIManifest".
   at: GDScript::reload (res://scenes/abi_scanner.gd:276)
SCRIPT ERROR: Compile Error: Failed to compile depended scripts.
   at: GDScript::reload (res://scenes/codegen_master.gd:0)
SCRIPT ERROR: Compile Error: Failed to compile depended scripts.
   at: GDScript::reload (res://scenes/comp_codegen_new.gd:0)
ERROR: Failed to load script "res://scenes/comp_codegen_new.gd" with error "Compilation failed".
   at: load (modules/gdscript/gdscript_resource_format.cpp:46)
WARNING: res://scenes/main.tscn:39 - ext_resource, invalid UID: uid://dc8v8a4iipxwl - using text path instead: res://scenes/codegen_master.gd
   at: load (scene/resources/resource_format_text.cpp:501)
SCRIPT ERROR: Invalid call. Nonexistent function 'load_or_parse' in base 'GDScript'.
   at: CodegenMaster._ready (res://scenes/codegen_master.gd:66)
   GDScript backtrace (most recent call first):
       [0] _ready (res://scenes/codegen_master.gd:66)
SCRIPT ERROR: Cannot call method 'get_node' on a null value.
   at: _ready (res://scenes/comp_search.gd:23)
   GDScript backtrace (most recent call first):
       [0] _ready (res://scenes/comp_search.gd:23)
SCRIPT ERROR: Invalid call. Nonexistent function 'setup' in base 'Control'.
   at: _ready (res://scenes/main.gd:31)
   GDScript backtrace (most recent call first):
       [0] _ready (res://scenes/main.gd:31)
