WARNING: res://scenes/main.tscn:38 - ext_resource, invalid UID: uid://cn03wgo1btbwo - using text path instead: res://scenes/comp_codegen_new.gd
   at: load (scene/resources/resource_format_text.cpp:501)
SCRIPT ERROR: Parse Error: Could not resolve external class member "load_or_parse".
   at: GDScript::reload (res://scenes/codegen_master.gd:66)
SCRIPT ERROR: Parse Error: Could not resolve external class member "discover".
   at: GDScript::reload (res://scenes/codegen_master.gd:140)
SCRIPT ERROR: Compile Error: Failed to compile depended scripts.
   at: GDScript::reload (res://scenes/comp_codegen_new.gd:0)
ERROR: Failed to load script "res://scenes/comp_codegen_new.gd" with error "Compilation failed".
   at: load (modules/gdscript/gdscript_resource_format.cpp:46)
WARNING: res://scenes/main.tscn:39 - ext_resource, invalid UID: uid://dc8v8a4iipxwl - using text path instead: res://scenes/codegen_master.gd
   at: load (scene/resources/resource_format_text.cpp:501)
SCRIPT ERROR: Trying to assign value of type 'Node' to a variable of type 'codegen_master.gd'.
   at: @implicit_ready (res://scenes/comp_codegen_new.gd:33)
   GDScript backtrace (most recent call first):
       [0] @implicit_ready (res://scenes/comp_codegen_new.gd:33)
SCRIPT ERROR: Invalid call. Nonexistent function 'new' in base 'GDScript'.
   at: _ready (res://scenes/comp_codegen_new.gd:47)
   GDScript backtrace (most recent call first):
       [0] _ready (res://scenes/comp_codegen_new.gd:47)
SCRIPT ERROR: Cannot call method 'get_node' on a null value.
   at: _ready (res://scenes/comp_search.gd:23)
   GDScript backtrace (most recent call first):
       [0] _ready (res://scenes/comp_search.gd:23)
SCRIPT ERROR: Invalid call. Nonexistent function 'setup' in base 'Control'.
   at: _ready (res://scenes/main.gd:31)
   GDScript backtrace (most recent call first):
       [0] _ready (res://scenes/main.gd:31)
